This is pdfTeX, Version 3.1415926-2.4-1.40.13 (TeX Live 2012/Debian) (format=pdflatex 2012.10.19)  7 DEC 2012 22:25
entering extended mode
 restricted \write18 enabled.
 %&-line parsing enabled.
**q
(/usr/share/texlive/texmf-dist/tex/latex/tools/q.tex
LaTeX2e <2011/06/27>
Babel <v3.8m> and hyphenation patterns for english, dumylang, nohyphenation, ng
erman, german, swissgerman, ngerman-x-2012-05-30, german-x-2012-05-30, monogree
k, greek, ibycus, ancientgreek, latin, loaded.
File ignored
)
! Emergency stop.
<*> q
     
*** (job aborted, no legal \end found)

 
Here is how much of TeX's memory you used:
 6 strings out of 494925
 245 string characters out of 3177658
 45378 words of memory out of 3000000
 3312 multiletter control sequences out of 15000+200000
 3640 words of font info for 14 fonts, out of 3000000 for 9000
 59 hyphenation exceptions out of 8191
 5i,0n,1p,81b,8s stack positions out of 5000i,500n,10000p,200000b,50000s
!  ==> Fatal error occurred, no output PDF file produced!
